---------------------------------------------------------------
[ 2017-11-13T09:24:04+08:00 ] ::1 ::1 GET /wsjadmin/admin/Menu/index
[ info ] localhost/wsjadmin/admin/Menu/index [运行时间：0.758044s][吞吐率：1.32req/s] [内存消耗：1,804.63kb] [文件加载：45]
[ info ] [ LANG ] D:\phpStudy\WWW\wsjadmin\thinkphp\lang\zh-cn.php
[ info ] [ ROUTE ] array (
  'type' => 'module',
  'module' => 
  array (
    0 => 'admin',
    1 => 'Menu',
    2 => 'index',
  ),
)
[ info ] [ HEADER ] array (
  'host' => 'localhost',
  'connection' => 'keep-alive',
  'upgrade-insecure-requests' => '1',
  'user-agent' => 'Mozilla/5.0 (Windows NT 6.1; WOW64) AppleWebKit/537.36 (KHTML, like Gecko) Chrome/60.0.3112.90 Safari/537.36',
  'accept' => 'text/html,application/xhtml+xml,application/xml;q=0.9,image/webp,image/apng,*/*;q=0.8',
  'accept-encoding' => 'gzip, deflate, br',
  'accept-language' => 'zh-CN,zh;q=0.8',
  'cookie' => 'pgv_pvi=2312885248; ECS[visit_times]=1; Hm_lvt_080836300300be57b7f34f4b3e97d911=1505789266; UM_distinctid=15ead090a8a34-0d61266ec08128-6315107d-100200-15ead090a8b273; CNZZDATA30088308=cnzz_eid%3D2006178242-1506140117-http%253A%252F%252Flocalhost%252F%26ntime%3D1506140117; Huiskin=blue; bdshare_firstime=1509614151739; Hm_lvt_b393d153aeb26b46e9431fabaf0f6190=1509758121,1510016542,1510189512,1510289965; PHPSESSID=v2d1hsrdrd67h1rtjc7933jk17',
)
[ info ] [ PARAM ] array (
)
[ info ] [ SESSION ] INIT array (
  'id' => '',
  'var_session_id' => '',
  'prefix' => 'think',
  'type' => '',
  'auto_start' => true,
)
[ info ] [ VIEW ] D:\phpStudy\WWW\wsjadmin\thinkphp\tpl\dispatch_jump.tpl [ array (
  0 => 'code',
  1 => 'msg',
  2 => 'data',
  3 => 'url',
  4 => 'wait',
) ]
[ info ] [ LOG ] INIT File
---------------------------------------------------------------
[ 2017-11-13T09:24:06+08:00 ] ::1 ::1 GET /wsjadmin/admin/login/index
[ info ] localhost/wsjadmin/admin/login/index [运行时间：0.153009s][吞吐率：6.54req/s] [内存消耗：1,793.72kb] [文件加载：46]
[ info ] [ LANG ] D:\phpStudy\WWW\wsjadmin\thinkphp\lang\zh-cn.php
[ info ] [ ROUTE ] array (
  'type' => 'module',
  'module' => 
  array (
    0 => 'admin',
    1 => 'login',
    2 => 'index',
  ),
)
[ info ] [ HEADER ] array (
  'host' => 'localhost',
  'connection' => 'keep-alive',
  'upgrade-insecure-requests' => '1',
  'user-agent' => 'Mozilla/5.0 (Windows NT 6.1; WOW64) AppleWebKit/537.36 (KHTML, like Gecko) Chrome/60.0.3112.90 Safari/537.36',
  'accept' => 'text/html,application/xhtml+xml,application/xml;q=0.9,image/webp,image/apng,*/*;q=0.8',
  'referer' => 'http://localhost/wsjadmin/admin/Menu/index',
  'accept-encoding' => 'gzip, deflate, br',
  'accept-language' => 'zh-CN,zh;q=0.8',
  'cookie' => 'pgv_pvi=2312885248; ECS[visit_times]=1; Hm_lvt_080836300300be57b7f34f4b3e97d911=1505789266; UM_distinctid=15ead090a8a34-0d61266ec08128-6315107d-100200-15ead090a8b273; CNZZDATA30088308=cnzz_eid%3D2006178242-1506140117-http%253A%252F%252Flocalhost%252F%26ntime%3D1506140117; Huiskin=blue; bdshare_firstime=1509614151739; Hm_lvt_b393d153aeb26b46e9431fabaf0f6190=1509758121,1510016542,1510189512,1510289965; PHPSESSID=v2d1hsrdrd67h1rtjc7933jk17',
)
[ info ] [ PARAM ] array (
)
[ info ] [ RUN ] app\admin\controller\LoginController->index[ D:\phpStudy\WWW\wsjadmin\application\admin\controller\LoginController.php ]
[ info ] [ SESSION ] INIT array (
  'id' => '',
  'var_session_id' => '',
  'prefix' => 'think',
  'type' => '',
  'auto_start' => true,
)
[ info ] [ VIEW ] D:\phpStudy\WWW\wsjadmin/application/admin\view\login\login.html [ array (
) ]
[ info ] [ LOG ] INIT File
[ error ] [8]未定义数组索引: dosubmit[D:\phpStudy\WWW\wsjadmin\application\admin\controller\LoginController.php:23]
---------------------------------------------------------------
[ 2017-11-13T09:24:09+08:00 ] ::1 ::1 POST /wsjadmin/admin/login/index
[ info ] localhost/wsjadmin/admin/login/index [运行时间：0.497029s][吞吐率：2.01req/s] [内存消耗：2,921.56kb] [文件加载：56]
[ info ] [ LANG ] D:\phpStudy\WWW\wsjadmin\thinkphp\lang\zh-cn.php
[ info ] [ ROUTE ] array (
  'type' => 'module',
  'module' => 
  array (
    0 => 'admin',
    1 => 'login',
    2 => 'index',
  ),
)
[ info ] [ HEADER ] array (
  'host' => 'localhost',
  'connection' => 'keep-alive',
  'content-length' => '38',
  'cache-control' => 'max-age=0',
  'origin' => 'http://localhost',
  'upgrade-insecure-requests' => '1',
  'user-agent' => 'Mozilla/5.0 (Windows NT 6.1; WOW64) AppleWebKit/537.36 (KHTML, like Gecko) Chrome/60.0.3112.90 Safari/537.36',
  'content-type' => 'application/x-www-form-urlencoded',
  'accept' => 'text/html,application/xhtml+xml,application/xml;q=0.9,image/webp,image/apng,*/*;q=0.8',
  'referer' => 'http://localhost/wsjadmin/admin/login/index',
  'accept-encoding' => 'gzip, deflate, br',
  'accept-language' => 'zh-CN,zh;q=0.8',
  'cookie' => 'pgv_pvi=2312885248; ECS[visit_times]=1; Hm_lvt_080836300300be57b7f34f4b3e97d911=1505789266; UM_distinctid=15ead090a8a34-0d61266ec08128-6315107d-100200-15ead090a8b273; CNZZDATA30088308=cnzz_eid%3D2006178242-1506140117-http%253A%252F%252Flocalhost%252F%26ntime%3D1506140117; Huiskin=blue; bdshare_firstime=1509614151739; Hm_lvt_b393d153aeb26b46e9431fabaf0f6190=1509758121,1510016542,1510189512,1510289965; PHPSESSID=v2d1hsrdrd67h1rtjc7933jk17',
)
[ info ] [ PARAM ] array (
  'username' => 'test',
  'password' => 'test',
  'dosubmit' => '1',
)
[ info ] [ RUN ] app\admin\controller\LoginController->index[ D:\phpStudy\WWW\wsjadmin\application\admin\controller\LoginController.php ]
[ info ] [ DB ] INIT mysql
[ info ] [ SESSION ] INIT array (
  'id' => '',
  'var_session_id' => '',
  'prefix' => 'think',
  'type' => '',
  'auto_start' => true,
)
[ info ] [ CACHE ] INIT File
[ info ] [ VIEW ] D:\phpStudy\WWW\wsjadmin\thinkphp\tpl\dispatch_jump.tpl [ array (
  0 => 'code',
  1 => 'msg',
  2 => 'data',
  3 => 'url',
  4 => 'wait',
) ]
[ info ] [ LOG ] INIT File
[ sql ] [ DB ] CONNECT:[ UseTime:0.006000s ] mysql:dbname=tp5auth;host=127.0.0.1;port=3306;charset=utf8
[ sql ] [ SQL ] SHOW COLUMNS FROM `zxcms_admin` [ RunTime:0.037002s ]
[ sql ] [ SQL ] SELECT `id`,`username`,`password` FROM `zxcms_admin` WHERE  `username` = 'test' LIMIT 1 [ RunTime:0.001000s ]
[ sql ] [ SQL ] UPDATE `zxcms_admin`  SET `lastlogintime`=1510536248,`lastloginip`=0  WHERE  `id` = 6 [ RunTime:0.088005s ]
---------------------------------------------------------------
[ 2017-11-13T09:24:10+08:00 ] ::1 ::1 GET /wsjadmin/admin/index/index
[ info ] localhost/wsjadmin/admin/index/index [运行时间：0.285016s][吞吐率：3.51req/s] [内存消耗：2,875.33kb] [文件加载：54]
[ info ] [ LANG ] D:\phpStudy\WWW\wsjadmin\thinkphp\lang\zh-cn.php
[ info ] [ ROUTE ] array (
  'type' => 'module',
  'module' => 
  array (
    0 => 'admin',
    1 => 'index',
    2 => 'index',
  ),
)
[ info ] [ HEADER ] array (
  'host' => 'localhost',
  'connection' => 'keep-alive',
  'upgrade-insecure-requests' => '1',
  'user-agent' => 'Mozilla/5.0 (Windows NT 6.1; WOW64) AppleWebKit/537.36 (KHTML, like Gecko) Chrome/60.0.3112.90 Safari/537.36',
  'accept' => 'text/html,application/xhtml+xml,application/xml;q=0.9,image/webp,image/apng,*/*;q=0.8',
  'referer' => 'http://localhost/wsjadmin/admin/login/index',
  'accept-encoding' => 'gzip, deflate, br',
  'accept-language' => 'zh-CN,zh;q=0.8',
  'cookie' => 'pgv_pvi=2312885248; ECS[visit_times]=1; Hm_lvt_080836300300be57b7f34f4b3e97d911=1505789266; UM_distinctid=15ead090a8a34-0d61266ec08128-6315107d-100200-15ead090a8b273; CNZZDATA30088308=cnzz_eid%3D2006178242-1506140117-http%253A%252F%252Flocalhost%252F%26ntime%3D1506140117; Huiskin=blue; bdshare_firstime=1509614151739; Hm_lvt_b393d153aeb26b46e9431fabaf0f6190=1509758121,1510016542,1510189512,1510289965; PHPSESSID=v2d1hsrdrd67h1rtjc7933jk17',
)
[ info ] [ PARAM ] array (
)
[ info ] [ SESSION ] INIT array (
  'id' => '',
  'var_session_id' => '',
  'prefix' => 'think',
  'type' => '',
  'auto_start' => true,
)
[ info ] [ RUN ] app\admin\controller\IndexController->index[ D:\phpStudy\WWW\wsjadmin\application\admin\controller\IndexController.php ]
[ info ] [ VIEW ] D:\phpStudy\WWW\wsjadmin/application/admin\view\index\index.html [ array (
) ]
[ info ] [ RUN ] app\admin\widget\Menu->index[ D:\phpStudy\WWW\wsjadmin\application\admin\widget\Menu.php ]
[ info ] [ DB ] INIT mysql
[ info ] [ LOG ] INIT File
[ sql ] [ DB ] CONNECT:[ UseTime:0.011001s ] mysql:dbname=tp5auth;host=127.0.0.1;port=3306;charset=utf8
[ sql ] [ SQL ] SHOW COLUMNS FROM `zxcms_admin_group_access` [ RunTime:0.039002s ]
[ sql ] [ SQL ] SELECT `t2`.`rules` FROM `zxcms_admin_group_access` `t1` LEFT JOIN `zxcms_admin_group` `t2` ON `t1`.`group_id`=`t2`.`id` WHERE  `t1`.`uid` = 6 [ RunTime:0.009001s ]
[ sql ] [ SQL ] SHOW COLUMNS FROM `zxcms_menu` [ RunTime:0.024001s ]
[ sql ] [ SQL ] SELECT * FROM `zxcms_menu` WHERE  `id` IN (1,23,18,27,40,41,43,47)  AND `display` = 1 ORDER BY listorder asc [ RunTime:0.002000s ]
---------------------------------------------------------------
[ 2017-11-13T09:24:11+08:00 ] ::1 ::1 GET /wsjadmin/admin/index/favicon.ico
[ info ] localhost/wsjadmin/admin/index/favicon.ico [运行时间：0.134007s][吞吐率：7.46req/s] [内存消耗：2,807.72kb] [文件加载：53]
[ info ] [ LANG ] D:\phpStudy\WWW\wsjadmin\thinkphp\lang\zh-cn.php
[ info ] [ ROUTE ] array (
  'type' => 'module',
  'module' => 
  array (
    0 => 'admin',
    1 => 'index',
    2 => 'favicon.ico',
  ),
)
[ info ] [ HEADER ] array (
  'host' => 'localhost',
  'connection' => 'keep-alive',
  'user-agent' => 'Mozilla/5.0 (Windows NT 6.1; WOW64) AppleWebKit/537.36 (KHTML, like Gecko) Chrome/60.0.3112.90 Safari/537.36',
  'accept' => 'image/webp,image/apng,image/*,*/*;q=0.8',
  'referer' => 'http://localhost/wsjadmin/admin/index/index',
  'accept-encoding' => 'gzip, deflate, br',
  'accept-language' => 'zh-CN,zh;q=0.8',
  'cookie' => 'pgv_pvi=2312885248; ECS[visit_times]=1; Hm_lvt_080836300300be57b7f34f4b3e97d911=1505789266; UM_distinctid=15ead090a8a34-0d61266ec08128-6315107d-100200-15ead090a8b273; CNZZDATA30088308=cnzz_eid%3D2006178242-1506140117-http%253A%252F%252Flocalhost%252F%26ntime%3D1506140117; Huiskin=blue; bdshare_firstime=1509614151739; Hm_lvt_b393d153aeb26b46e9431fabaf0f6190=1509758121,1510016542,1510189512,1510289965; PHPSESSID=v2d1hsrdrd67h1rtjc7933jk17',
)
[ info ] [ PARAM ] array (
)
[ info ] [ SESSION ] INIT array (
  'id' => '',
  'var_session_id' => '',
  'prefix' => 'think',
  'type' => '',
  'auto_start' => true,
)
[ info ] [ DB ] INIT mysql
[ info ] [ VIEW ] D:\phpStudy\WWW\wsjadmin\thinkphp\tpl\dispatch_jump.tpl [ array (
  0 => 'code',
  1 => 'msg',
  2 => 'data',
  3 => 'url',
  4 => 'wait',
) ]
[ info ] [ LOG ] INIT File
[ sql ] [ DB ] CONNECT:[ UseTime:0.001000s ] mysql:dbname=tp5auth;host=127.0.0.1;port=3306;charset=utf8
[ sql ] [ SQL ] SHOW COLUMNS FROM `zxcms_admin_group_access` [ RunTime:0.012001s ]
[ sql ] [ SQL ] SELECT `t2`.`rules` FROM `zxcms_admin_group_access` `t1` LEFT JOIN `zxcms_admin_group` `t2` ON `t1`.`group_id`=`t2`.`id` WHERE  `t1`.`uid` = 6 [ RunTime:0.001000s ]
[ sql ] [ SQL ] SHOW COLUMNS FROM `zxcms_menu` [ RunTime:0.012000s ]
[ sql ] [ SQL ] SELECT * FROM `zxcms_menu` WHERE  `id` IN (1,23,18,27,40,41,43,47) ORDER BY listorder asc [ RunTime:0.007001s ]
---------------------------------------------------------------
[ 2017-11-13T09:24:11+08:00 ] ::1 ::1 GET /wsjadmin/public/static/artDialog/icons/loading.gif
[ info ] localhost/wsjadmin/public/static/artDialog/icons/loading.gif [运行时间：0.088005s][吞吐率：11.36req/s] [内存消耗：1,438.40kb] [文件加载：37]
[ info ] [ LANG ] D:\phpStudy\WWW\wsjadmin\thinkphp\lang\zh-cn.php
[ info ] [ ROUTE ] array (
  'type' => 'module',
  'module' => 
  array (
    0 => 'public',
    1 => 'static',
    2 => 'artDialog',
  ),
)
[ info ] [ HEADER ] array (
  'host' => 'localhost',
  'connection' => 'keep-alive',
  'user-agent' => 'Mozilla/5.0 (Windows NT 6.1; WOW64) AppleWebKit/537.36 (KHTML, like Gecko) Chrome/60.0.3112.90 Safari/537.36',
  'accept' => 'image/webp,image/apng,image/*,*/*;q=0.8',
  'referer' => 'http://localhost/wsjadmin/public/static/artDialog/dialog.css',
  'accept-encoding' => 'gzip, deflate, br',
  'accept-language' => 'zh-CN,zh;q=0.8',
  'cookie' => 'pgv_pvi=2312885248; ECS[visit_times]=1; Hm_lvt_080836300300be57b7f34f4b3e97d911=1505789266; UM_distinctid=15ead090a8a34-0d61266ec08128-6315107d-100200-15ead090a8b273; CNZZDATA30088308=cnzz_eid%3D2006178242-1506140117-http%253A%252F%252Flocalhost%252F%26ntime%3D1506140117; Huiskin=blue; bdshare_firstime=1509614151739; Hm_lvt_b393d153aeb26b46e9431fabaf0f6190=1509758121,1510016542,1510189512,1510289965; PHPSESSID=v2d1hsrdrd67h1rtjc7933jk17',
)
[ info ] [ PARAM ] array (
  'icons' => 'loading.gif',
)
[ info ] [ LOG ] INIT File
