---------------------------------------------------------------
[ 2017-11-28T11:14:54+08:00 ] ::1 ::1 GET /wsjadmin/admin/Menu/index
[ info ] localhost/wsjadmin/admin/Menu/index [运行时间：1.711098s][吞吐率：0.58req/s] [内存消耗：1,805.33kb] [文件加载：45]
[ info ] [ LANG ] D:\phpStudy\WWW\wsjadmin\thinkphp\lang\zh-cn.php
[ info ] [ ROUTE ] array (
  'type' => 'module',
  'module' => 
  array (
    0 => 'admin',
    1 => 'Menu',
    2 => 'index',
  ),
)
[ info ] [ HEADER ] array (
  'host' => 'localhost',
  'connection' => 'keep-alive',
  'user-agent' => 'Mozilla/5.0 (Windows NT 6.1; Win64; x64) AppleWebKit/537.36 (KHTML, like Gecko) Chrome/62.0.3202.94 Safari/537.36',
  'upgrade-insecure-requests' => '1',
  'accept' => 'text/html,application/xhtml+xml,application/xml;q=0.9,image/webp,image/apng,*/*;q=0.8',
  'accept-encoding' => 'gzip, deflate, br',
  'accept-language' => 'zh-CN,zh;q=0.9',
  'cookie' => 'pgv_pvi=2312885248; ECS[visit_times]=1; Hm_lvt_080836300300be57b7f34f4b3e97d911=1505789266; UM_distinctid=15ead090a8a34-0d61266ec08128-6315107d-100200-15ead090a8b273; CNZZDATA30088308=cnzz_eid%3D2006178242-1506140117-http%253A%252F%252Flocalhost%252F%26ntime%3D1506140117; Huiskin=blue; bdshare_firstime=1509614151739; PHPSESSID=c0ok19t37eh0822dfec84cgq67; Hm_lvt_b393d153aeb26b46e9431fabaf0f6190=1510289965,1510536268,1510556673,1511834992; Hm_lpvt_b393d153aeb26b46e9431fabaf0f6190=1511835004',
)
[ info ] [ PARAM ] array (
)
[ info ] [ SESSION ] INIT array (
  'id' => '',
  'var_session_id' => '',
  'prefix' => 'think',
  'type' => '',
  'auto_start' => true,
)
[ info ] [ VIEW ] D:\phpStudy\WWW\wsjadmin\thinkphp\tpl\dispatch_jump.tpl [ array (
  0 => 'code',
  1 => 'msg',
  2 => 'data',
  3 => 'url',
  4 => 'wait',
) ]
[ info ] [ LOG ] INIT File
---------------------------------------------------------------
[ 2017-11-28T11:14:57+08:00 ] ::1 ::1 GET /wsjadmin/admin/login/index
[ info ] localhost/wsjadmin/admin/login/index [运行时间：0.854049s][吞吐率：1.17req/s] [内存消耗：1,794.51kb] [文件加载：46]
[ info ] [ LANG ] D:\phpStudy\WWW\wsjadmin\thinkphp\lang\zh-cn.php
[ info ] [ ROUTE ] array (
  'type' => 'module',
  'module' => 
  array (
    0 => 'admin',
    1 => 'login',
    2 => 'index',
  ),
)
[ info ] [ HEADER ] array (
  'host' => 'localhost',
  'connection' => 'keep-alive',
  'upgrade-insecure-requests' => '1',
  'user-agent' => 'Mozilla/5.0 (Windows NT 6.1; Win64; x64) AppleWebKit/537.36 (KHTML, like Gecko) Chrome/62.0.3202.94 Safari/537.36',
  'accept' => 'text/html,application/xhtml+xml,application/xml;q=0.9,image/webp,image/apng,*/*;q=0.8',
  'referer' => 'http://localhost/wsjadmin/admin/Menu/index',
  'accept-encoding' => 'gzip, deflate, br',
  'accept-language' => 'zh-CN,zh;q=0.9',
  'cookie' => 'pgv_pvi=2312885248; ECS[visit_times]=1; Hm_lvt_080836300300be57b7f34f4b3e97d911=1505789266; UM_distinctid=15ead090a8a34-0d61266ec08128-6315107d-100200-15ead090a8b273; CNZZDATA30088308=cnzz_eid%3D2006178242-1506140117-http%253A%252F%252Flocalhost%252F%26ntime%3D1506140117; Huiskin=blue; bdshare_firstime=1509614151739; PHPSESSID=c0ok19t37eh0822dfec84cgq67; Hm_lvt_b393d153aeb26b46e9431fabaf0f6190=1510289965,1510536268,1510556673,1511834992; Hm_lpvt_b393d153aeb26b46e9431fabaf0f6190=1511835004',
)
[ info ] [ PARAM ] array (
)
[ info ] [ RUN ] app\admin\controller\LoginController->index[ D:\phpStudy\WWW\wsjadmin\application\admin\controller\LoginController.php ]
[ info ] [ SESSION ] INIT array (
  'id' => '',
  'var_session_id' => '',
  'prefix' => 'think',
  'type' => '',
  'auto_start' => true,
)
[ info ] [ VIEW ] D:\phpStudy\WWW\wsjadmin/application/admin\view\login\login.html [ array (
) ]
[ info ] [ LOG ] INIT File
[ error ] [8]未定义数组索引: dosubmit[D:\phpStudy\WWW\wsjadmin\application\admin\controller\LoginController.php:23]
