---------------------------------------------------------------
[ 2018-01-29T09:17:36+08:00 ] ::1 ::1 GET /schoolyard/admin/Organizeinfo/index
[ info ] localhost/schoolyard/admin/Organizeinfo/index [运行时间：0.354020s][吞吐率：2.82req/s] [内存消耗：1,791.09kb] [文件加载：45]
[ info ] [ LANG ] D:\phpStudy\WWW\schoolyard\thinkphp\lang\zh-cn.php
[ info ] [ ROUTE ] array (
  'type' => 'module',
  'module' => 
  array (
    0 => 'admin',
    1 => 'Organizeinfo',
    2 => 'index',
  ),
)
[ info ] [ HEADER ] array (
  'host' => 'localhost',
  'connection' => 'keep-alive',
  'user-agent' => 'Mozilla/5.0 (Windows NT 6.1; Win64; x64) AppleWebKit/537.36 (KHTML, like Gecko) Chrome/62.0.3202.94 Safari/537.36',
  'upgrade-insecure-requests' => '1',
  'accept' => 'text/html,application/xhtml+xml,application/xml;q=0.9,image/webp,image/apng,*/*;q=0.8',
  'accept-encoding' => 'gzip, deflate, br',
  'accept-language' => 'zh-CN,zh;q=0.9',
  'cookie' => 'pgv_pvi=2312885248; ECS[visit_times]=1; Hm_lvt_080836300300be57b7f34f4b3e97d911=1505789266; UM_distinctid=15ead090a8a34-0d61266ec08128-6315107d-100200-15ead090a8b273; CNZZDATA30088308=cnzz_eid%3D2006178242-1506140117-http%253A%252F%252Flocalhost%252F%26ntime%3D1506140117; Huiskin=blue; bdshare_firstime=1509614151739; Hm_lvt_7b1919221e89d2aa5711e4deb935debd=1511850579,1512012827,1512090539',
)
[ info ] [ PARAM ] array (
)
[ info ] [ SESSION ] INIT array (
  'id' => '',
  'var_session_id' => '',
  'prefix' => 'think',
  'type' => '',
  'auto_start' => true,
)
[ info ] [ VIEW ] D:\phpStudy\WWW\schoolyard\thinkphp\tpl\dispatch_jump.tpl [ array (
  0 => 'code',
  1 => 'msg',
  2 => 'data',
  3 => 'url',
  4 => 'wait',
) ]
[ info ] [ LOG ] INIT File
---------------------------------------------------------------
[ 2018-01-29T09:17:40+08:00 ] ::1 ::1 GET /schoolyard/admin/login/index
[ info ] localhost/schoolyard/admin/login/index [运行时间：0.209012s][吞吐率：4.78req/s] [内存消耗：1,795.75kb] [文件加载：46]
[ info ] [ LANG ] D:\phpStudy\WWW\schoolyard\thinkphp\lang\zh-cn.php
[ info ] [ ROUTE ] array (
  'type' => 'module',
  'module' => 
  array (
    0 => 'admin',
    1 => 'login',
    2 => 'index',
  ),
)
[ info ] [ HEADER ] array (
  'host' => 'localhost',
  'connection' => 'keep-alive',
  'upgrade-insecure-requests' => '1',
  'user-agent' => 'Mozilla/5.0 (Windows NT 6.1; Win64; x64) AppleWebKit/537.36 (KHTML, like Gecko) Chrome/62.0.3202.94 Safari/537.36',
  'accept' => 'text/html,application/xhtml+xml,application/xml;q=0.9,image/webp,image/apng,*/*;q=0.8',
  'referer' => 'http://localhost/schoolyard/admin/Organizeinfo/index',
  'accept-encoding' => 'gzip, deflate, br',
  'accept-language' => 'zh-CN,zh;q=0.9',
  'cookie' => 'pgv_pvi=2312885248; ECS[visit_times]=1; Hm_lvt_080836300300be57b7f34f4b3e97d911=1505789266; UM_distinctid=15ead090a8a34-0d61266ec08128-6315107d-100200-15ead090a8b273; CNZZDATA30088308=cnzz_eid%3D2006178242-1506140117-http%253A%252F%252Flocalhost%252F%26ntime%3D1506140117; Huiskin=blue; bdshare_firstime=1509614151739; Hm_lvt_7b1919221e89d2aa5711e4deb935debd=1511850579,1512012827,1512090539; PHPSESSID=27dvgkl4scrahp3fk1tfh6n5q2',
)
[ info ] [ PARAM ] array (
)
[ info ] [ RUN ] app\admin\controller\LoginController->index[ D:\phpStudy\WWW\schoolyard\application\admin\controller\LoginController.php ]
[ info ] [ SESSION ] INIT array (
  'id' => '',
  'var_session_id' => '',
  'prefix' => 'think',
  'type' => '',
  'auto_start' => true,
)
[ info ] [ VIEW ] D:\phpStudy\WWW\schoolyard/application/admin\view\login\login.html [ array (
) ]
[ info ] [ LOG ] INIT File
[ error ] [8]未定义数组索引: dosubmit[D:\phpStudy\WWW\schoolyard\application\admin\controller\LoginController.php:23]
---------------------------------------------------------------
[ 2018-01-29T09:17:52+08:00 ] ::1 ::1 POST /schoolyard/admin/login/index
[ info ] localhost/schoolyard/admin/login/index [运行时间：0.377021s][吞吐率：2.65req/s] [内存消耗：2,923.55kb] [文件加载：56]
[ info ] [ LANG ] D:\phpStudy\WWW\schoolyard\thinkphp\lang\zh-cn.php
[ info ] [ ROUTE ] array (
  'type' => 'module',
  'module' => 
  array (
    0 => 'admin',
    1 => 'login',
    2 => 'index',
  ),
)
[ info ] [ HEADER ] array (
  'host' => 'localhost',
  'connection' => 'keep-alive',
  'content-length' => '40',
  'cache-control' => 'max-age=0',
  'origin' => 'http://localhost',
  'upgrade-insecure-requests' => '1',
  'content-type' => 'application/x-www-form-urlencoded',
  'user-agent' => 'Mozilla/5.0 (Windows NT 6.1; Win64; x64) AppleWebKit/537.36 (KHTML, like Gecko) Chrome/62.0.3202.94 Safari/537.36',
  'accept' => 'text/html,application/xhtml+xml,application/xml;q=0.9,image/webp,image/apng,*/*;q=0.8',
  'referer' => 'http://localhost/schoolyard/admin/login/index',
  'accept-encoding' => 'gzip, deflate, br',
  'accept-language' => 'zh-CN,zh;q=0.9',
  'cookie' => 'pgv_pvi=2312885248; ECS[visit_times]=1; Hm_lvt_080836300300be57b7f34f4b3e97d911=1505789266; UM_distinctid=15ead090a8a34-0d61266ec08128-6315107d-100200-15ead090a8b273; CNZZDATA30088308=cnzz_eid%3D2006178242-1506140117-http%253A%252F%252Flocalhost%252F%26ntime%3D1506140117; Huiskin=blue; bdshare_firstime=1509614151739; Hm_lvt_7b1919221e89d2aa5711e4deb935debd=1511850579,1512012827,1512090539; PHPSESSID=27dvgkl4scrahp3fk1tfh6n5q2',
)
[ info ] [ PARAM ] array (
  'username' => 'admin',
  'password' => 'admin',
  'dosubmit' => '1',
)
[ info ] [ RUN ] app\admin\controller\LoginController->index[ D:\phpStudy\WWW\schoolyard\application\admin\controller\LoginController.php ]
[ info ] [ DB ] INIT mysql
[ info ] [ SESSION ] INIT array (
  'id' => '',
  'var_session_id' => '',
  'prefix' => 'think',
  'type' => '',
  'auto_start' => true,
)
[ info ] [ CACHE ] INIT File
[ info ] [ VIEW ] D:\phpStudy\WWW\schoolyard\thinkphp\tpl\dispatch_jump.tpl [ array (
  0 => 'code',
  1 => 'msg',
  2 => 'data',
  3 => 'url',
  4 => 'wait',
) ]
[ info ] [ LOG ] INIT File
[ sql ] [ DB ] CONNECT:[ UseTime:0.013001s ] mysql:dbname=schoolyard;host=127.0.0.1;port=3306;charset=utf8
[ sql ] [ SQL ] SHOW COLUMNS FROM `zxcms_admin` [ RunTime:0.191011s ]
[ sql ] [ SQL ] SELECT `id`,`username`,`password` FROM `zxcms_admin` WHERE  `username` = 'admin' LIMIT 1 [ RunTime:0.010001s ]
[ sql ] [ SQL ] UPDATE `zxcms_admin`  SET `lastlogintime`=1517188671,`lastloginip`=0  WHERE  `id` = 1 [ RunTime:0.043003s ]
---------------------------------------------------------------
[ 2018-01-29T09:17:55+08:00 ] ::1 ::1 GET /schoolyard/admin/index/index
[ info ] localhost/schoolyard/admin/index/index [运行时间：0.292017s][吞吐率：3.42req/s] [内存消耗：2,870.27kb] [文件加载：54]
[ info ] [ LANG ] D:\phpStudy\WWW\schoolyard\thinkphp\lang\zh-cn.php
[ info ] [ ROUTE ] array (
  'type' => 'module',
  'module' => 
  array (
    0 => 'admin',
    1 => 'index',
    2 => 'index',
  ),
)
[ info ] [ HEADER ] array (
  'host' => 'localhost',
  'connection' => 'keep-alive',
  'upgrade-insecure-requests' => '1',
  'user-agent' => 'Mozilla/5.0 (Windows NT 6.1; Win64; x64) AppleWebKit/537.36 (KHTML, like Gecko) Chrome/62.0.3202.94 Safari/537.36',
  'accept' => 'text/html,application/xhtml+xml,application/xml;q=0.9,image/webp,image/apng,*/*;q=0.8',
  'referer' => 'http://localhost/schoolyard/admin/login/index',
  'accept-encoding' => 'gzip, deflate, br',
  'accept-language' => 'zh-CN,zh;q=0.9',
  'cookie' => 'pgv_pvi=2312885248; ECS[visit_times]=1; Hm_lvt_080836300300be57b7f34f4b3e97d911=1505789266; UM_distinctid=15ead090a8a34-0d61266ec08128-6315107d-100200-15ead090a8b273; CNZZDATA30088308=cnzz_eid%3D2006178242-1506140117-http%253A%252F%252Flocalhost%252F%26ntime%3D1506140117; Huiskin=blue; bdshare_firstime=1509614151739; Hm_lvt_7b1919221e89d2aa5711e4deb935debd=1511850579,1512012827,1512090539; PHPSESSID=27dvgkl4scrahp3fk1tfh6n5q2',
)
[ info ] [ PARAM ] array (
)
[ info ] [ SESSION ] INIT array (
  'id' => '',
  'var_session_id' => '',
  'prefix' => 'think',
  'type' => '',
  'auto_start' => true,
)
[ info ] [ RUN ] app\admin\controller\IndexController->index[ D:\phpStudy\WWW\schoolyard\application\admin\controller\IndexController.php ]
[ info ] [ VIEW ] D:\phpStudy\WWW\schoolyard/application/admin\view\index\index.html [ array (
) ]
[ info ] [ RUN ] app\admin\widget\Menu->index[ D:\phpStudy\WWW\schoolyard\application\admin\widget\Menu.php ]
[ info ] [ DB ] INIT mysql
[ info ] [ LOG ] INIT File
[ sql ] [ DB ] CONNECT:[ UseTime:0.001000s ] mysql:dbname=schoolyard;host=127.0.0.1;port=3306;charset=utf8
[ sql ] [ SQL ] SHOW COLUMNS FROM `zxcms_menu` [ RunTime:0.124007s ]
[ sql ] [ SQL ] SELECT * FROM `zxcms_menu` WHERE  `display` = 1 ORDER BY listorder asc [ RunTime:0.002000s ]
---------------------------------------------------------------
[ 2018-01-29T09:17:56+08:00 ] ::1 ::1 GET /schoolyard/admin/index/favicon.ico
[ info ] localhost/schoolyard/admin/index/favicon.ico [运行时间：0.187407s][吞吐率：5.34req/s] [内存消耗：2,479.51kb] [文件加载：52]
[ info ] [ LANG ] D:\phpStudy\WWW\schoolyard\thinkphp\lang\zh-cn.php
[ info ] [ ROUTE ] array (
  'type' => 'module',
  'module' => 
  array (
    0 => 'admin',
    1 => 'index',
    2 => 'favicon.ico',
  ),
)
[ info ] [ HEADER ] array (
  'host' => 'localhost',
  'connection' => 'keep-alive',
  'user-agent' => 'Mozilla/5.0 (Windows NT 6.1; Win64; x64) AppleWebKit/537.36 (KHTML, like Gecko) Chrome/62.0.3202.94 Safari/537.36',
  'accept' => 'image/webp,image/apng,image/*,*/*;q=0.8',
  'referer' => 'http://localhost/schoolyard/admin/index/index',
  'accept-encoding' => 'gzip, deflate, br',
  'accept-language' => 'zh-CN,zh;q=0.9',
  'cookie' => 'pgv_pvi=2312885248; ECS[visit_times]=1; Hm_lvt_080836300300be57b7f34f4b3e97d911=1505789266; UM_distinctid=15ead090a8a34-0d61266ec08128-6315107d-100200-15ead090a8b273; CNZZDATA30088308=cnzz_eid%3D2006178242-1506140117-http%253A%252F%252Flocalhost%252F%26ntime%3D1506140117; Huiskin=blue; bdshare_firstime=1509614151739; Hm_lvt_7b1919221e89d2aa5711e4deb935debd=1511850579,1512012827,1512090539; PHPSESSID=27dvgkl4scrahp3fk1tfh6n5q2',
)
[ info ] [ PARAM ] array (
)
[ info ] [ SESSION ] INIT array (
  'id' => '',
  'var_session_id' => '',
  'prefix' => 'think',
  'type' => '',
  'auto_start' => true,
)
[ info ] [ DB ] INIT mysql
[ info ] [ LOG ] INIT File
[ sql ] [ DB ] CONNECT:[ UseTime:0.003000s ] mysql:dbname=schoolyard;host=127.0.0.1;port=3306;charset=utf8
[ sql ] [ SQL ] SHOW COLUMNS FROM `zxcms_admin_log` [ RunTime:0.053003s ]
[ sql ] [ SQL ] INSERT INTO `zxcms_admin_log` (`querystring` , `m` , `c` , `a` , `userid` , `username` , `ip` , `time`) VALUES ('' , 'admin' , 'Index' , 'favicon.ico' , 1 , 'admin' , 0 , 1517188676) [ RunTime:0.046800s ]
---------------------------------------------------------------
[ 2018-01-29T09:17:56+08:00 ] ::1 ::1 GET /schoolyard/public/static/artDialog/icons/loading.gif
[ info ] localhost/schoolyard/public/static/artDialog/icons/loading.gif [运行时间：0.046003s][吞吐率：21.74req/s] [内存消耗：1,440.70kb] [文件加载：37]
[ info ] [ LANG ] D:\phpStudy\WWW\schoolyard\thinkphp\lang\zh-cn.php
[ info ] [ ROUTE ] array (
  'type' => 'module',
  'module' => 
  array (
    0 => 'public',
    1 => 'static',
    2 => 'artDialog',
  ),
)
[ info ] [ HEADER ] array (
  'host' => 'localhost',
  'connection' => 'keep-alive',
  'user-agent' => 'Mozilla/5.0 (Windows NT 6.1; Win64; x64) AppleWebKit/537.36 (KHTML, like Gecko) Chrome/62.0.3202.94 Safari/537.36',
  'accept' => 'image/webp,image/apng,image/*,*/*;q=0.8',
  'referer' => 'http://localhost/schoolyard/public/static/artDialog/dialog.css',
  'accept-encoding' => 'gzip, deflate, br',
  'accept-language' => 'zh-CN,zh;q=0.9',
  'cookie' => 'pgv_pvi=2312885248; ECS[visit_times]=1; Hm_lvt_080836300300be57b7f34f4b3e97d911=1505789266; UM_distinctid=15ead090a8a34-0d61266ec08128-6315107d-100200-15ead090a8b273; CNZZDATA30088308=cnzz_eid%3D2006178242-1506140117-http%253A%252F%252Flocalhost%252F%26ntime%3D1506140117; Huiskin=blue; bdshare_firstime=1509614151739; Hm_lvt_7b1919221e89d2aa5711e4deb935debd=1511850579,1512012827,1512090539; PHPSESSID=27dvgkl4scrahp3fk1tfh6n5q2',
)
[ info ] [ PARAM ] array (
  'icons' => 'loading.gif',
)
[ info ] [ LOG ] INIT File
---------------------------------------------------------------
[ 2018-01-29T09:17:59+08:00 ] ::1 ::1 GET /schoolyard/admin/Organizeinfo/index
[ info ] localhost/schoolyard/admin/Organizeinfo/index [运行时间：0.399622s][吞吐率：2.50req/s] [内存消耗：2,854.47kb] [文件加载：54]
[ info ] [ LANG ] D:\phpStudy\WWW\schoolyard\thinkphp\lang\zh-cn.php
[ info ] [ ROUTE ] array (
  'type' => 'module',
  'module' => 
  array (
    0 => 'admin',
    1 => 'Organizeinfo',
    2 => 'index',
  ),
)
[ info ] [ HEADER ] array (
  'host' => 'localhost',
  'connection' => 'keep-alive',
  'upgrade-insecure-requests' => '1',
  'user-agent' => 'Mozilla/5.0 (Windows NT 6.1; Win64; x64) AppleWebKit/537.36 (KHTML, like Gecko) Chrome/62.0.3202.94 Safari/537.36',
  'accept' => 'text/html,application/xhtml+xml,application/xml;q=0.9,image/webp,image/apng,*/*;q=0.8',
  'referer' => 'http://localhost/schoolyard/admin/index/index',
  'accept-encoding' => 'gzip, deflate, br',
  'accept-language' => 'zh-CN,zh;q=0.9',
  'cookie' => 'pgv_pvi=2312885248; ECS[visit_times]=1; Hm_lvt_080836300300be57b7f34f4b3e97d911=1505789266; UM_distinctid=15ead090a8a34-0d61266ec08128-6315107d-100200-15ead090a8b273; CNZZDATA30088308=cnzz_eid%3D2006178242-1506140117-http%253A%252F%252Flocalhost%252F%26ntime%3D1506140117; Huiskin=blue; bdshare_firstime=1509614151739; Hm_lvt_7b1919221e89d2aa5711e4deb935debd=1511850579,1512012827,1512090539; PHPSESSID=27dvgkl4scrahp3fk1tfh6n5q2',
)
[ info ] [ PARAM ] array (
)
[ info ] [ SESSION ] INIT array (
  'id' => '',
  'var_session_id' => '',
  'prefix' => 'think',
  'type' => '',
  'auto_start' => true,
)
[ info ] [ DB ] INIT mysql
[ info ] [ RUN ] app\admin\controller\OrganizeinfoController->index[ D:\phpStudy\WWW\schoolyard\application\admin\controller\OrganizeinfoController.php ]
[ info ] [ VIEW ] D:\phpStudy\WWW\schoolyard/application/admin\view\organizeinfo\index.html [ array (
) ]
[ info ] [ RUN ] app\admin\widget\Menu->index[ D:\phpStudy\WWW\schoolyard\application\admin\widget\Menu.php ]
[ info ] [ LOG ] INIT File
[ sql ] [ DB ] CONNECT:[ UseTime:0.002000s ] mysql:dbname=schoolyard;host=127.0.0.1;port=3306;charset=utf8
[ sql ] [ SQL ] SHOW COLUMNS FROM `zxcms_admin_log` [ RunTime:0.014001s ]
[ sql ] [ SQL ] INSERT INTO `zxcms_admin_log` (`querystring` , `m` , `c` , `a` , `userid` , `username` , `ip` , `time`) VALUES ('' , 'admin' , 'Organizeinfo' , 'index' , 1 , 'admin' , 0 , 1517188678) [ RunTime:0.245014s ]
[ sql ] [ SQL ] SHOW COLUMNS FROM `zxcms_menu` [ RunTime:0.014001s ]
[ sql ] [ SQL ] SELECT * FROM `zxcms_menu` WHERE  `display` = 1 ORDER BY listorder asc [ RunTime:0.001000s ]
[ sql ] [ SQL ] SELECT `id`,`name`,`parentid` FROM `zxcms_menu` WHERE  `c` = 'Organizeinfo'  AND `a` = 'index' LIMIT 1 [ RunTime:0.001000s ]
---------------------------------------------------------------
[ 2018-01-29T09:18:00+08:00 ] ::1 ::1 GET /schoolyard/admin/Organizeinfo/favicon.ico
[ info ] localhost/schoolyard/admin/Organizeinfo/favicon.ico [运行时间：0.136603s][吞吐率：7.32req/s] [内存消耗：2,480.09kb] [文件加载：52]
[ info ] [ LANG ] D:\phpStudy\WWW\schoolyard\thinkphp\lang\zh-cn.php
[ info ] [ ROUTE ] array (
  'type' => 'module',
  'module' => 
  array (
    0 => 'admin',
    1 => 'Organizeinfo',
    2 => 'favicon.ico',
  ),
)
[ info ] [ HEADER ] array (
  'host' => 'localhost',
  'connection' => 'keep-alive',
  'user-agent' => 'Mozilla/5.0 (Windows NT 6.1; Win64; x64) AppleWebKit/537.36 (KHTML, like Gecko) Chrome/62.0.3202.94 Safari/537.36',
  'accept' => 'image/webp,image/apng,image/*,*/*;q=0.8',
  'referer' => 'http://localhost/schoolyard/admin/Organizeinfo/index',
  'accept-encoding' => 'gzip, deflate, br',
  'accept-language' => 'zh-CN,zh;q=0.9',
  'cookie' => 'pgv_pvi=2312885248; ECS[visit_times]=1; Hm_lvt_080836300300be57b7f34f4b3e97d911=1505789266; UM_distinctid=15ead090a8a34-0d61266ec08128-6315107d-100200-15ead090a8b273; CNZZDATA30088308=cnzz_eid%3D2006178242-1506140117-http%253A%252F%252Flocalhost%252F%26ntime%3D1506140117; Huiskin=blue; bdshare_firstime=1509614151739; Hm_lvt_7b1919221e89d2aa5711e4deb935debd=1511850579,1512012827,1512090539; PHPSESSID=27dvgkl4scrahp3fk1tfh6n5q2',
)
[ info ] [ PARAM ] array (
)
[ info ] [ SESSION ] INIT array (
  'id' => '',
  'var_session_id' => '',
  'prefix' => 'think',
  'type' => '',
  'auto_start' => true,
)
[ info ] [ DB ] INIT mysql
[ info ] [ LOG ] INIT File
[ sql ] [ DB ] CONNECT:[ UseTime:0.000000s ] mysql:dbname=schoolyard;host=127.0.0.1;port=3306;charset=utf8
[ sql ] [ SQL ] SHOW COLUMNS FROM `zxcms_admin_log` [ RunTime:0.015600s ]
[ sql ] [ SQL ] INSERT INTO `zxcms_admin_log` (`querystring` , `m` , `c` , `a` , `userid` , `username` , `ip` , `time`) VALUES ('' , 'admin' , 'Organizeinfo' , 'favicon.ico' , 1 , 'admin' , 0 , 1517188680) [ RunTime:0.062400s ]
---------------------------------------------------------------
[ 2018-01-29T09:18:00+08:00 ] ::1 ::1 GET /schoolyard/public/static/artDialog/icons/loading.gif
[ info ] localhost/schoolyard/public/static/artDialog/icons/loading.gif [运行时间：0.076603s][吞吐率：13.05req/s] [内存消耗：1,440.70kb] [文件加载：37]
[ info ] [ LANG ] D:\phpStudy\WWW\schoolyard\thinkphp\lang\zh-cn.php
[ info ] [ ROUTE ] array (
  'type' => 'module',
  'module' => 
  array (
    0 => 'public',
    1 => 'static',
    2 => 'artDialog',
  ),
)
[ info ] [ HEADER ] array (
  'host' => 'localhost',
  'connection' => 'keep-alive',
  'user-agent' => 'Mozilla/5.0 (Windows NT 6.1; Win64; x64) AppleWebKit/537.36 (KHTML, like Gecko) Chrome/62.0.3202.94 Safari/537.36',
  'accept' => 'image/webp,image/apng,image/*,*/*;q=0.8',
  'referer' => 'http://localhost/schoolyard/public/static/artDialog/dialog.css',
  'accept-encoding' => 'gzip, deflate, br',
  'accept-language' => 'zh-CN,zh;q=0.9',
  'cookie' => 'pgv_pvi=2312885248; ECS[visit_times]=1; Hm_lvt_080836300300be57b7f34f4b3e97d911=1505789266; UM_distinctid=15ead090a8a34-0d61266ec08128-6315107d-100200-15ead090a8b273; CNZZDATA30088308=cnzz_eid%3D2006178242-1506140117-http%253A%252F%252Flocalhost%252F%26ntime%3D1506140117; Huiskin=blue; bdshare_firstime=1509614151739; Hm_lvt_7b1919221e89d2aa5711e4deb935debd=1511850579,1512012827,1512090539; PHPSESSID=27dvgkl4scrahp3fk1tfh6n5q2',
)
[ info ] [ PARAM ] array (
  'icons' => 'loading.gif',
)
[ info ] [ LOG ] INIT File
---------------------------------------------------------------
[ 2018-01-29T09:20:19+08:00 ] ::1 ::1 GET /schoolyard/admin/Organizeinfo/index
[ info ] localhost/schoolyard/admin/Organizeinfo/index [运行时间：0.350020s][吞吐率：2.86req/s] [内存消耗：3,018.21kb] [文件加载：56]
[ info ] [ LANG ] D:\phpStudy\WWW\schoolyard\thinkphp\lang\zh-cn.php
[ info ] [ ROUTE ] array (
  'type' => 'module',
  'module' => 
  array (
    0 => 'admin',
    1 => 'Organizeinfo',
    2 => 'index',
  ),
)
[ info ] [ HEADER ] array (
  'host' => 'localhost',
  'connection' => 'keep-alive',
  'cache-control' => 'max-age=0',
  'user-agent' => 'Mozilla/5.0 (Windows NT 6.1; Win64; x64) AppleWebKit/537.36 (KHTML, like Gecko) Chrome/62.0.3202.94 Safari/537.36',
  'upgrade-insecure-requests' => '1',
  'accept' => 'text/html,application/xhtml+xml,application/xml;q=0.9,image/webp,image/apng,*/*;q=0.8',
  'referer' => 'http://localhost/schoolyard/admin/index/index',
  'accept-encoding' => 'gzip, deflate, br',
  'accept-language' => 'zh-CN,zh;q=0.9',
  'cookie' => 'pgv_pvi=2312885248; ECS[visit_times]=1; Hm_lvt_080836300300be57b7f34f4b3e97d911=1505789266; UM_distinctid=15ead090a8a34-0d61266ec08128-6315107d-100200-15ead090a8b273; CNZZDATA30088308=cnzz_eid%3D2006178242-1506140117-http%253A%252F%252Flocalhost%252F%26ntime%3D1506140117; Huiskin=blue; bdshare_firstime=1509614151739; Hm_lvt_7b1919221e89d2aa5711e4deb935debd=1511850579,1512012827,1512090539; PHPSESSID=27dvgkl4scrahp3fk1tfh6n5q2',
)
[ info ] [ PARAM ] array (
)
[ info ] [ SESSION ] INIT array (
  'id' => '',
  'var_session_id' => '',
  'prefix' => 'think',
  'type' => '',
  'auto_start' => true,
)
[ info ] [ DB ] INIT mysql
[ info ] [ RUN ] app\admin\controller\OrganizeinfoController->index[ D:\phpStudy\WWW\schoolyard\application\admin\controller\OrganizeinfoController.php ]
[ info ] [ VIEW ] D:\phpStudy\WWW\schoolyard/application/admin\view\organizeinfo\index.html [ array (
) ]
[ info ] [ RUN ] app\admin\widget\Menu->index[ D:\phpStudy\WWW\schoolyard\application\admin\widget\Menu.php ]
[ info ] [ LOG ] INIT File
[ sql ] [ DB ] CONNECT:[ UseTime:0.001000s ] mysql:dbname=schoolyard;host=127.0.0.1;port=3306;charset=utf8
[ sql ] [ SQL ] SHOW COLUMNS FROM `zxcms_admin_log` [ RunTime:0.014001s ]
[ sql ] [ SQL ] INSERT INTO `zxcms_admin_log` (`querystring` , `m` , `c` , `a` , `userid` , `username` , `ip` , `time`) VALUES ('' , 'admin' , 'Organizeinfo' , 'index' , 1 , 'admin' , 0 , 1517188818) [ RunTime:0.179010s ]
[ sql ] [ SQL ] SHOW COLUMNS FROM `zxcms_menu` [ RunTime:0.013001s ]
[ sql ] [ SQL ] SELECT * FROM `zxcms_menu` WHERE  `display` = 1 ORDER BY listorder asc [ RunTime:0.002000s ]
[ sql ] [ SQL ] SELECT `id`,`name`,`parentid` FROM `zxcms_menu` WHERE  `c` = 'Organizeinfo'  AND `a` = 'index' LIMIT 1 [ RunTime:0.001000s ]
---------------------------------------------------------------
[ 2018-01-29T09:20:19+08:00 ] ::1 ::1 GET /schoolyard/public/static/artDialog/icons/loading.gif
[ info ] localhost/schoolyard/public/static/artDialog/icons/loading.gif [运行时间：0.055004s][吞吐率：18.18req/s] [内存消耗：1,440.70kb] [文件加载：37]
[ info ] [ LANG ] D:\phpStudy\WWW\schoolyard\thinkphp\lang\zh-cn.php
[ info ] [ ROUTE ] array (
  'type' => 'module',
  'module' => 
  array (
    0 => 'public',
    1 => 'static',
    2 => 'artDialog',
  ),
)
[ info ] [ HEADER ] array (
  'host' => 'localhost',
  'connection' => 'keep-alive',
  'user-agent' => 'Mozilla/5.0 (Windows NT 6.1; Win64; x64) AppleWebKit/537.36 (KHTML, like Gecko) Chrome/62.0.3202.94 Safari/537.36',
  'accept' => 'image/webp,image/apng,image/*,*/*;q=0.8',
  'referer' => 'http://localhost/schoolyard/public/static/artDialog/dialog.css',
  'accept-encoding' => 'gzip, deflate, br',
  'accept-language' => 'zh-CN,zh;q=0.9',
  'cookie' => 'pgv_pvi=2312885248; ECS[visit_times]=1; Hm_lvt_080836300300be57b7f34f4b3e97d911=1505789266; UM_distinctid=15ead090a8a34-0d61266ec08128-6315107d-100200-15ead090a8b273; CNZZDATA30088308=cnzz_eid%3D2006178242-1506140117-http%253A%252F%252Flocalhost%252F%26ntime%3D1506140117; Huiskin=blue; bdshare_firstime=1509614151739; Hm_lvt_7b1919221e89d2aa5711e4deb935debd=1511850579,1512012827,1512090539; PHPSESSID=27dvgkl4scrahp3fk1tfh6n5q2',
)
[ info ] [ PARAM ] array (
  'icons' => 'loading.gif',
)
[ info ] [ LOG ] INIT File
---------------------------------------------------------------
[ 2018-01-29T09:20:46+08:00 ] ::1 ::1 GET /schoolyard/admin/Organizeinfo/index
[ info ] localhost/schoolyard/admin/Organizeinfo/index [运行时间：0.293016s][吞吐率：3.41req/s] [内存消耗：3,018.34kb] [文件加载：56]
[ info ] [ LANG ] D:\phpStudy\WWW\schoolyard\thinkphp\lang\zh-cn.php
[ info ] [ ROUTE ] array (
  'type' => 'module',
  'module' => 
  array (
    0 => 'admin',
    1 => 'Organizeinfo',
    2 => 'index',
  ),
)
[ info ] [ HEADER ] array (
  'host' => 'localhost',
  'connection' => 'keep-alive',
  'cache-control' => 'max-age=0',
  'user-agent' => 'Mozilla/5.0 (Windows NT 6.1; Win64; x64) AppleWebKit/537.36 (KHTML, like Gecko) Chrome/62.0.3202.94 Safari/537.36',
  'upgrade-insecure-requests' => '1',
  'accept' => 'text/html,application/xhtml+xml,application/xml;q=0.9,image/webp,image/apng,*/*;q=0.8',
  'referer' => 'http://localhost/schoolyard/admin/index/index',
  'accept-encoding' => 'gzip, deflate, br',
  'accept-language' => 'zh-CN,zh;q=0.9',
  'cookie' => 'pgv_pvi=2312885248; ECS[visit_times]=1; Hm_lvt_080836300300be57b7f34f4b3e97d911=1505789266; UM_distinctid=15ead090a8a34-0d61266ec08128-6315107d-100200-15ead090a8b273; CNZZDATA30088308=cnzz_eid%3D2006178242-1506140117-http%253A%252F%252Flocalhost%252F%26ntime%3D1506140117; Huiskin=blue; bdshare_firstime=1509614151739; Hm_lvt_7b1919221e89d2aa5711e4deb935debd=1511850579,1512012827,1512090539; PHPSESSID=27dvgkl4scrahp3fk1tfh6n5q2',
)
[ info ] [ PARAM ] array (
)
[ info ] [ SESSION ] INIT array (
  'id' => '',
  'var_session_id' => '',
  'prefix' => 'think',
  'type' => '',
  'auto_start' => true,
)
[ info ] [ DB ] INIT mysql
[ info ] [ RUN ] app\admin\controller\OrganizeinfoController->index[ D:\phpStudy\WWW\schoolyard\application\admin\controller\OrganizeinfoController.php ]
[ info ] [ VIEW ] D:\phpStudy\WWW\schoolyard/application/admin\view\organizeinfo\index.html [ array (
) ]
[ info ] [ RUN ] app\admin\widget\Menu->index[ D:\phpStudy\WWW\schoolyard\application\admin\widget\Menu.php ]
[ info ] [ LOG ] INIT File
[ sql ] [ DB ] CONNECT:[ UseTime:0.001000s ] mysql:dbname=schoolyard;host=127.0.0.1;port=3306;charset=utf8
[ sql ] [ SQL ] SHOW COLUMNS FROM `zxcms_admin_log` [ RunTime:0.014001s ]
[ sql ] [ SQL ] INSERT INTO `zxcms_admin_log` (`querystring` , `m` , `c` , `a` , `userid` , `username` , `ip` , `time`) VALUES ('' , 'admin' , 'Organizeinfo' , 'index' , 1 , 'admin' , 0 , 1517188846) [ RunTime:0.146008s ]
[ sql ] [ SQL ] SHOW COLUMNS FROM `zxcms_menu` [ RunTime:0.015001s ]
[ sql ] [ SQL ] SELECT * FROM `zxcms_menu` WHERE  `display` = 1 ORDER BY listorder asc [ RunTime:0.001000s ]
[ sql ] [ SQL ] SELECT `id`,`name`,`parentid` FROM `zxcms_menu` WHERE  `c` = 'Organizeinfo'  AND `a` = 'index' LIMIT 1 [ RunTime:0.000000s ]
---------------------------------------------------------------
[ 2018-01-29T09:20:47+08:00 ] ::1 ::1 GET /schoolyard/public/static/artDialog/icons/loading.gif
[ info ] localhost/schoolyard/public/static/artDialog/icons/loading.gif [运行时间：0.033002s][吞吐率：30.30req/s] [内存消耗：1,440.70kb] [文件加载：37]
[ info ] [ LANG ] D:\phpStudy\WWW\schoolyard\thinkphp\lang\zh-cn.php
[ info ] [ ROUTE ] array (
  'type' => 'module',
  'module' => 
  array (
    0 => 'public',
    1 => 'static',
    2 => 'artDialog',
  ),
)
[ info ] [ HEADER ] array (
  'host' => 'localhost',
  'connection' => 'keep-alive',
  'user-agent' => 'Mozilla/5.0 (Windows NT 6.1; Win64; x64) AppleWebKit/537.36 (KHTML, like Gecko) Chrome/62.0.3202.94 Safari/537.36',
  'accept' => 'image/webp,image/apng,image/*,*/*;q=0.8',
  'referer' => 'http://localhost/schoolyard/public/static/artDialog/dialog.css',
  'accept-encoding' => 'gzip, deflate, br',
  'accept-language' => 'zh-CN,zh;q=0.9',
  'cookie' => 'pgv_pvi=2312885248; ECS[visit_times]=1; Hm_lvt_080836300300be57b7f34f4b3e97d911=1505789266; UM_distinctid=15ead090a8a34-0d61266ec08128-6315107d-100200-15ead090a8b273; CNZZDATA30088308=cnzz_eid%3D2006178242-1506140117-http%253A%252F%252Flocalhost%252F%26ntime%3D1506140117; Huiskin=blue; bdshare_firstime=1509614151739; Hm_lvt_7b1919221e89d2aa5711e4deb935debd=1511850579,1512012827,1512090539; PHPSESSID=27dvgkl4scrahp3fk1tfh6n5q2',
)
[ info ] [ PARAM ] array (
  'icons' => 'loading.gif',
)
[ info ] [ LOG ] INIT File
---------------------------------------------------------------
[ 2018-01-29T17:06:38+08:00 ] ::1 ::1 GET /schoolyard/admin/index/index
[ info ] localhost/schoolyard/admin/index/index [运行时间：1.893108s][吞吐率：0.53req/s] [内存消耗：3,041.96kb] [文件加载：56]
[ info ] [ LANG ] D:\phpStudy\WWW\schoolyard\thinkphp\lang\zh-cn.php
[ info ] [ ROUTE ] array (
  'type' => 'module',
  'module' => 
  array (
    0 => 'admin',
    1 => 'index',
    2 => 'index',
  ),
)
[ info ] [ HEADER ] array (
  'host' => 'localhost',
  'connection' => 'keep-alive',
  'user-agent' => 'Mozilla/5.0 (Windows NT 6.1; Win64; x64) AppleWebKit/537.36 (KHTML, like Gecko) Chrome/62.0.3202.94 Safari/537.36',
  'upgrade-insecure-requests' => '1',
  'accept' => 'text/html,application/xhtml+xml,application/xml;q=0.9,image/webp,image/apng,*/*;q=0.8',
  'referer' => 'http://localhost/schoolyard/admin/login/index',
  'accept-encoding' => 'gzip, deflate, br',
  'accept-language' => 'zh-CN,zh;q=0.9',
  'cookie' => 'pgv_pvi=2312885248; ECS[visit_times]=1; Hm_lvt_080836300300be57b7f34f4b3e97d911=1505789266; UM_distinctid=15ead090a8a34-0d61266ec08128-6315107d-100200-15ead090a8b273; CNZZDATA30088308=cnzz_eid%3D2006178242-1506140117-http%253A%252F%252Flocalhost%252F%26ntime%3D1506140117; Huiskin=blue; bdshare_firstime=1509614151739; Hm_lvt_7b1919221e89d2aa5711e4deb935debd=1511850579,1512012827,1512090539; PHPSESSID=27dvgkl4scrahp3fk1tfh6n5q2',
)
[ info ] [ PARAM ] array (
)
[ info ] [ SESSION ] INIT array (
  'id' => '',
  'var_session_id' => '',
  'prefix' => 'think',
  'type' => '',
  'auto_start' => true,
)
[ info ] [ RUN ] app\admin\controller\IndexController->index[ D:\phpStudy\WWW\schoolyard\application\admin\controller\IndexController.php ]
[ info ] [ VIEW ] D:\phpStudy\WWW\schoolyard/application/admin\view\index\index.html [ array (
) ]
[ info ] [ RUN ] app\admin\widget\Menu->index[ D:\phpStudy\WWW\schoolyard\application\admin\widget\Menu.php ]
[ info ] [ DB ] INIT mysql
[ info ] [ LOG ] INIT File
[ sql ] [ DB ] CONNECT:[ UseTime:0.777044s ] mysql:dbname=schoolyard;host=127.0.0.1;port=3306;charset=utf8
[ sql ] [ SQL ] SHOW COLUMNS FROM `zxcms_menu` [ RunTime:0.152008s ]
[ sql ] [ SQL ] SELECT * FROM `zxcms_menu` WHERE  `display` = 1 ORDER BY listorder asc [ RunTime:0.068004s ]
---------------------------------------------------------------
[ 2018-01-29T17:06:48+08:00 ] ::1 ::1 GET /schoolyard/public/static/artDialog/icons/loading.gif
[ info ] localhost/schoolyard/public/static/artDialog/icons/loading.gif [运行时间：0.162009s][吞吐率：6.17req/s] [内存消耗：1,440.70kb] [文件加载：37]
[ info ] [ LANG ] D:\phpStudy\WWW\schoolyard\thinkphp\lang\zh-cn.php
[ info ] [ ROUTE ] array (
  'type' => 'module',
  'module' => 
  array (
    0 => 'public',
    1 => 'static',
    2 => 'artDialog',
  ),
)
[ info ] [ HEADER ] array (
  'host' => 'localhost',
  'connection' => 'keep-alive',
  'user-agent' => 'Mozilla/5.0 (Windows NT 6.1; Win64; x64) AppleWebKit/537.36 (KHTML, like Gecko) Chrome/62.0.3202.94 Safari/537.36',
  'accept' => 'image/webp,image/apng,image/*,*/*;q=0.8',
  'referer' => 'http://localhost/schoolyard/public/static/artDialog/dialog.css',
  'accept-encoding' => 'gzip, deflate, br',
  'accept-language' => 'zh-CN,zh;q=0.9',
  'cookie' => 'pgv_pvi=2312885248; ECS[visit_times]=1; Hm_lvt_080836300300be57b7f34f4b3e97d911=1505789266; UM_distinctid=15ead090a8a34-0d61266ec08128-6315107d-100200-15ead090a8b273; CNZZDATA30088308=cnzz_eid%3D2006178242-1506140117-http%253A%252F%252Flocalhost%252F%26ntime%3D1506140117; Huiskin=blue; bdshare_firstime=1509614151739; Hm_lvt_7b1919221e89d2aa5711e4deb935debd=1511850579,1512012827,1512090539; PHPSESSID=27dvgkl4scrahp3fk1tfh6n5q2',
)
[ info ] [ PARAM ] array (
  'icons' => 'loading.gif',
)
[ info ] [ LOG ] INIT File
